
> vibe-generated-app@1.0.0 dev
> vite


  VITE v5.4.20  ready in 209 ms

  ➜  Local:   http://localhost:3000/
  ➜  Network: http://172.20.29.150:3000/
5:26:09 PM [vite] Pre-transform error: Transform failed with 1 error:
/home/workspace/src/components/SkillGraphPanel.jsx:56:54: ERROR: Unexpected "!"
5:26:10 PM [vite] Internal server error: Transform failed with 1 error:
/home/workspace/src/components/SkillGraphPanel.jsx:56:54: ERROR: Unexpected "!"
  Plugin: vite:esbuild
  File: /home/workspace/src/components/SkillGraphPanel.jsx:56:54
  
  Unexpected "!"
  54 |              </defs>
  55 |              {links.map(([a, b], idx) => {
  56 |                const n1 = nodes.find((n) => n.id === a)!;
     |                                                        ^
  57 |                const n2 = nodes.find((n) => n.id === b)!;
  58 |                return (
  
      at failureErrorWithLog (/home/workspace/node_modules/esbuild/lib/main.js:1472:15)
      at /home/workspace/node_modules/esbuild/lib/main.js:755:50
      at responseCallbacks.<computed> (/home/workspace/node_modules/esbuild/lib/main.js:622:9)
      at handleIncomingPacket (/home/workspace/node_modules/esbuild/lib/main.js:677:12)
      at Socket.readFromStdout (/home/workspace/node_modules/esbuild/lib/main.js:600:7)
      at Socket.emit (node:events:508:28)
      at addChunk (node:internal/streams/readable:559:12)
      at readableAddChunkPushByteMode (node:internal/streams/readable:510:3)
      at Readable.push (node:internal/streams/readable:390:5)
      at Pipe.onStreamRead (node:internal/stream_base_commons:189:23)
